0 info it worked if it ends with ok
1 verbose cli [ 'D:\\Program Files (x86)\\nodejs\\node.exe',
1 verbose cli   'C:\\Users\\Dude\\AppData\\Roaming\\npm\\node_modules\\npm\\bin\\npm-cli.js',
1 verbose cli   'run-script',
1 verbose cli   'test:watch' ]
2 info using npm@4.0.3
3 info using node@v4.2.6
4 verbose run-script [ 'pretest:watch', 'test:watch', 'posttest:watch' ]
5 info lifecycle pluralsight-redux-starter@1.0.0~pretest:watch: pluralsight-redux-starter@1.0.0
6 silly lifecycle pluralsight-redux-starter@1.0.0~pretest:watch: no script for pretest:watch, continuing
7 info lifecycle pluralsight-redux-starter@1.0.0~test:watch: pluralsight-redux-starter@1.0.0
8 verbose lifecycle pluralsight-redux-starter@1.0.0~test:watch: unsafe-perm in lifecycle true
9 verbose lifecycle pluralsight-redux-starter@1.0.0~test:watch: PATH: C:\Users\Dude\AppData\Roaming\npm\node_modules\npm\bin\node-gyp-bin;D:\dev\react-redux\node_modules\.bin;C:\Users\Dude\AppData\Roaming\npm\node_modules\npm\bin\node-gyp-bin;D:\dev\react-redux\node_modules\.bin;C:\ProgramData\Oracle\Java\javapath;C:\Program Files\Common Files\Microsoft Shared\Windows Live;C:\Program Files (x86)\Common Files\Microsoft Shared\Windows Live;C:\Program Files (x86)\HP SimplePass\x64;C:\Program Files (x86)\HP SimplePass\;C:\Program Files\Broadcom\Broadcom 802.11\Driver;C:\Program Files (x86)\Intel\iCLS Client\;C:\Program Files\Intel\iCLS Client\;C:\Windows\system32;C:\Windows;C:\Windows\System32\Wbem;C:\Windows\System32\WindowsPowerShell\v1.0\;C:\Program Files\WIDCOMM\Bluetooth Software\;C:\Program Files\WIDCOMM\Bluetooth Software\syswow64;C:\Program Files\Intel\Intel(R) Management Engine Components\DAL;C:\Program Files\Intel\Intel(R) Management Engine Components\IPT;C:\Program Files (x86)\Intel\Intel(R) Management Engine Components\DAL;C:\Program Files (x86)\Intel\Intel(R) Management Engine Components\IPT;C:\Program Files (x86)\Intel\OpenCL SDK\2.0\bin\x86;C:\Program Files (x86)\Intel\OpenCL SDK\2.0\bin\x64;C:\Program Files (x86)\Calibre2\;C:\Program Files (x86)\Common Files\HP\Digital Imaging\bin;C:\Program Files (x86)\HP\Digital Imaging\bin\;C:\Program Files (x86)\HP\Digital Imaging\bin\Qt\Qt 4.3.3;C:\Program Files (x86)\Windows Live\Shared;D:\HashiCorp\Vagrant\bin;d:\dev\apache-maven-3.2.5\bin;C:\Program Files (x86)\NVIDIA Corporation\PhysX\Common;C:\Program Files\cURL\bin;C:\Program Files (x86)\QuickTime\QTSystem\;C:\WINDOWS\system32;C:\WINDOWS;C:\WINDOWS\System32\Wbem;C:\WINDOWS\System32\WindowsPowerShell\v1.0\;D:\dev\sqllite\sqlite-dll-win64-x64-3100200\;C:\Users\Dude\AppData\Roaming\npm;D:\Program Files (x86)\Calibre2\;C:\Users\Dude\AppData\Roaming\nvm;C:\Program Files\nodejs;C:\Program Files (x86)\Skype\Phone\;D:\Program Files\Git\cmd;C:\Ruby22-x64\bin;D:\dev\Ruby22\bin;C:\Program Files (x86)\HMA! Pro VPN\bin;D:\Program Files (x86)\HMA! Pro VPN\bin;D:\Program Files (x86)\Git\bin;d:\dev\Python34;d:\dev\Python34\Scripts;D:\Program Files (x86)\Microsoft VS Code\bin;C:\Users\Dude\AppData\Local\Microsoft\WindowsApps;C:\Users\Dude\AppData\Roaming\nvm;C:\Program Files\nodejs;D:\Program Files (x86)\nodejs;d:\Program Files\Heroku\bin;
10 verbose lifecycle pluralsight-redux-starter@1.0.0~test:watch: CWD: D:\dev\react-redux
11 silly lifecycle pluralsight-redux-starter@1.0.0~test:watch: Args: [ '/d /s /c', 'npm run test -- --watch' ]
12 silly lifecycle pluralsight-redux-starter@1.0.0~test:watch: Returned: code: 1  signal: null
13 info lifecycle pluralsight-redux-starter@1.0.0~test:watch: Failed to exec test:watch script
14 verbose stack Error: pluralsight-redux-starter@1.0.0 test:watch: `npm run test -- --watch`
14 verbose stack Exit status 1
14 verbose stack     at EventEmitter.<anonymous> (C:\Users\Dude\AppData\Roaming\npm\node_modules\npm\lib\utils\lifecycle.js:279:16)
14 verbose stack     at emitTwo (events.js:87:13)
14 verbose stack     at EventEmitter.emit (events.js:172:7)
14 verbose stack     at ChildProcess.<anonymous> (C:\Users\Dude\AppData\Roaming\npm\node_modules\npm\lib\utils\spawn.js:40:14)
14 verbose stack     at emitTwo (events.js:87:13)
14 verbose stack     at ChildProcess.emit (events.js:172:7)
14 verbose stack     at maybeClose (internal/child_process.js:821:16)
14 verbose stack     at Process.ChildProcess._handle.onexit (internal/child_process.js:211:5)
15 verbose pkgid pluralsight-redux-starter@1.0.0
16 verbose cwd D:\dev\react-redux
17 error Windows_NT 10.0.15063
18 error argv "D:\\Program Files (x86)\\nodejs\\node.exe" "C:\\Users\\Dude\\AppData\\Roaming\\npm\\node_modules\\npm\\bin\\npm-cli.js" "run-script" "test:watch"
19 error node v4.2.6
20 error npm  v4.0.3
21 error code ELIFECYCLE
22 error pluralsight-redux-starter@1.0.0 test:watch: `npm run test -- --watch`
22 error Exit status 1
23 error Failed at the pluralsight-redux-starter@1.0.0 test:watch script 'npm run test -- --watch'.
23 error Make sure you have the latest version of node.js and npm installed.
23 error If you do, this is most likely a problem with the pluralsight-redux-starter package,
23 error not with npm itself.
23 error Tell the author that this fails on your system:
23 error     npm run test -- --watch
23 error You can get information on how to open an issue for this project with:
23 error     npm bugs pluralsight-redux-starter
23 error Or if that isn't available, you can get their info via:
23 error     npm owner ls pluralsight-redux-starter
23 error There is likely additional logging output above.
24 verbose exit [ 1, true ]
